Removed Pin From Net: NetName=GND Pin=J3-1
Removed Pin From Net: NetName=DMX+ Pin=J3-2
Removed Pin From Net: NetName=DMX- Pin=J3-3
Removed Pin From Net: NetName=GND Pin=J4-1
Removed Pin From Net: NetName=DMX+ Pin=J4-2
Removed Pin From Net: NetName=DMX- Pin=J4-3
Removed Pin From Net: NetName=+ALIM Pin=J6-1
Removed Pin From Net: NetName=SCL Pin=J6-2
Removed Pin From Net: NetName=SDA Pin=J6-3
Removed Pin From Net: NetName=GND Pin=J6-4
Removed Pin From Net: NetName=+ALIM Pin=J7-1
Removed Pin From Net: NetName=SCL Pin=J7-2
Removed Pin From Net: NetName=SDA Pin=J7-3
Removed Pin From Net: NetName=GND Pin=J7-4
Added Pin To Net: NetName=+ALIM Pin=J3-1
Added Pin To Net: NetName=SCL Pin=J3-2
Added Pin To Net: NetName=SDA Pin=J3-3
Added Pin To Net: NetName=GND Pin=J3-4
Added Pin To Net: NetName=+ALIM Pin=J4-1
Added Pin To Net: NetName=SCL Pin=J4-2
Added Pin To Net: NetName=SDA Pin=J4-3
Added Pin To Net: NetName=GND Pin=J4-4
Added Pin To Net: NetName=GND Pin=J6-1
Added Pin To Net: NetName=DMX+ Pin=J6-2
Added Pin To Net: NetName=DMX- Pin=J6-3
Added Pin To Net: NetName=GND Pin=J7-1
Added Pin To Net: NetName=DMX+ Pin=J7-2
Added Pin To Net: NetName=DMX- Pin=J7-3
